2024-09-21 10:42:54 [[32minfo[39m]: Server is running on port 3000
2024-09-21 10:43:56 [[32minfo[39m]: Server is running on port 3000
2024-09-21 10:44:22 [[32minfo[39m]: Server is running on port 3000
2024-09-21 10:50:13 [[32minfo[39m]: Server is running on port 3000
2024-09-21 10:50:22 [[33mwarn[39m]: GET_ALL_USERS 
2024-09-21 10:50:53 [[32minfo[39m]: Server is running on port 3000
2024-09-21 10:50:58 [[33mwarn[39m]: GET_ALL_USERS 
2024-09-21 10:50:58 [[31merror[39m]: GET_ALL_USERS  Error executing procedure GetAllUsers: db.query is not a function
2024-09-21 10:51:50 [[32minfo[39m]: Server is running on port 3000
2024-09-21 10:51:53 [[33mwarn[39m]: GET_ALL_USERS 
2024-09-21 10:52:00 [[33mwarn[39m]: GET_ALL_USERS 
2024-09-21 10:52:00 [[33mwarn[39m]: GET_ALL_USERS 
2024-09-21 10:52:01 [[33mwarn[39m]: GET_ALL_USERS 
2024-09-21 10:52:01 [[33mwarn[39m]: GET_ALL_USERS 
2024-09-21 10:52:01 [[33mwarn[39m]: GET_ALL_USERS 
2024-09-21 10:52:01 [[33mwarn[39m]: GET_ALL_USERS 
2024-09-21 10:52:01 [[33mwarn[39m]: GET_ALL_USERS 
2024-09-21 10:52:01 [[33mwarn[39m]: GET_ALL_USERS 
2024-09-21 10:52:02 [[33mwarn[39m]: GET_ALL_USERS 
2024-09-21 10:52:02 [[33mwarn[39m]: GET_ALL_USERS 
2024-09-21 10:52:02 [[33mwarn[39m]: GET_ALL_USERS 
2024-09-21 10:52:02 [[33mwarn[39m]: GET_ALL_USERS 
2024-09-21 10:52:02 [[33mwarn[39m]: GET_ALL_USERS 
2024-09-21 10:52:02 [[33mwarn[39m]: GET_ALL_USERS 
2024-09-21 10:52:03 [[33mwarn[39m]: GET_ALL_USERS 
2024-09-21 10:52:03 [[33mwarn[39m]: GET_ALL_USERS 
2024-09-21 10:52:03 [[33mwarn[39m]: GET_ALL_USERS 
2024-09-21 10:52:03 [[33mwarn[39m]: GET_ALL_USERS 
2024-09-21 10:52:03 [[33mwarn[39m]: GET_ALL_USERS 
2024-09-21 10:52:03 [[33mwarn[39m]: GET_ALL_USERS 
2024-09-21 10:52:04 [[33mwarn[39m]: GET_ALL_USERS 
2024-09-21 10:52:04 [[33mwarn[39m]: GET_ALL_USERS 
2024-09-21 10:52:04 [[33mwarn[39m]: GET_ALL_USERS 
2024-09-21 10:52:04 [[33mwarn[39m]: GET_ALL_USERS 
2024-09-21 10:52:04 [[33mwarn[39m]: GET_ALL_USERS 
2024-09-21 10:52:04 [[33mwarn[39m]: GET_ALL_USERS 
2024-09-21 10:52:05 [[33mwarn[39m]: GET_ALL_USERS 
2024-09-21 10:52:05 [[33mwarn[39m]: GET_ALL_USERS 
2024-09-21 10:52:05 [[33mwarn[39m]: GET_ALL_USERS 
2024-09-21 10:52:05 [[33mwarn[39m]: GET_ALL_USERS 
2024-09-21 10:52:05 [[33mwarn[39m]: GET_ALL_USERS 
2024-09-21 10:52:05 [[33mwarn[39m]: GET_ALL_USERS 
2024-09-21 10:52:06 [[33mwarn[39m]: GET_ALL_USERS 
2024-09-21 10:52:06 [[33mwarn[39m]: GET_ALL_USERS 
2024-09-21 10:52:06 [[33mwarn[39m]: GET_ALL_USERS 
2024-09-21 11:01:12 [[32minfo[39m]: Server is running on port 3000
2024-09-21 11:02:47 [[32minfo[39m]: Server is running on port 3000
2024-09-21 11:03:42 [[32minfo[39m]: Server is running on port 3000
2024-09-21 11:03:43 [[33mwarn[39m]: CREATE_USER 
2024-09-21 11:03:43 [[33mwarn[39m]: CREATE_USER  Error executing procedure CreateUser: Duplicate entry 'john@example.com' for key 'users.email'
2024-09-21 11:03:57 [[33mwarn[39m]: CREATE_USER 
2024-09-21 11:03:57 [[33mwarn[39m]: CREATE_USER  Error executing procedure CreateUser: (intermediate value) is not iterable
2024-09-21 11:04:11 [[33mwarn[39m]: CREATE_USER 
2024-09-21 11:04:11 [[33mwarn[39m]: CREATE_USER  Error executing procedure CreateUser: Duplicate entry 'bhabha@example.com' for key 'users.email'
2024-09-21 11:04:18 [[33mwarn[39m]: CREATE_USER 
2024-09-21 11:04:18 [[33mwarn[39m]: CREATE_USER  Error executing procedure CreateUser: (intermediate value) is not iterable
2024-09-21 11:04:22 [[33mwarn[39m]: GET_ALL_USERS 
2024-09-21 11:04:32 [[33mwarn[39m]: CREATE_USER 
2024-09-21 11:04:32 [[33mwarn[39m]: CREATE_USER  Error executing procedure CreateUser: Duplicate entry 'bhabha@' for key 'users.email'
2024-09-21 11:04:39 [[33mwarn[39m]: CREATE_USER 
2024-09-21 11:04:39 [[33mwarn[39m]: CREATE_USER  Error executing procedure CreateUser: (intermediate value) is not iterable
2024-09-21 11:06:28 [[32minfo[39m]: Server is running on port 3000
2024-09-21 11:06:32 [[33mwarn[39m]: GET_ALL_USERS 
2024-09-21 11:06:35 [[33mwarn[39m]: CREATE_USER 
2024-09-21 11:06:35 [[33mwarn[39m]: CREATE_USER  Error executing procedure CreateUser: Duplicate entry 'bhabha' for key 'users.email'
2024-09-21 11:06:40 [[33mwarn[39m]: CREATE_USER 
2024-09-21 11:06:40 [[33mwarn[39m]: CREATE_USER  Error executing procedure CreateUser: Duplicate entry 'bhabha@' for key 'users.email'
2024-09-21 11:06:44 [[33mwarn[39m]: CREATE_USER 
2024-09-21 11:06:44 [[33mwarn[39m]: CREATE_USER  Error executing procedure CreateUser: (intermediate value) is not iterable
2024-09-21 11:07:55 [[32minfo[39m]: Server is running on port 3000
2024-09-21 11:08:02 [[33mwarn[39m]: CREATE_USER 
2024-09-21 11:08:02 [[33mwarn[39m]: CREATE_USER  Error executing procedure CreateUser: (intermediate value) is not iterable
2024-09-21 11:09:15 [[32minfo[39m]: Server is running on port 3000
2024-09-21 11:09:22 [[33mwarn[39m]: CREATE_USER 
2024-09-21 11:09:22 [[33mwarn[39m]: CREATE_USER  Error executing procedure CreateUser: (intermediate value) is not iterable
2024-09-21 11:09:43 [[32minfo[39m]: Server is running on port 3000
2024-09-21 11:09:46 [[33mwarn[39m]: CREATE_USER 
2024-09-21 11:09:46 [[33mwarn[39m]: CREATE_USER  Error executing procedure CreateUser: Duplicate entry 'bhabhdfdf' for key 'users.email'
2024-09-21 11:09:54 [[33mwarn[39m]: CREATE_USER 
2024-09-21 11:09:54 [[33mwarn[39m]: CREATE_USER  Error executing procedure CreateUser: Duplicate entry 'bhabhdfdf' for key 'users.email'
2024-09-21 11:09:58 [[33mwarn[39m]: CREATE_USER 
2024-09-21 11:09:58 [[33mwarn[39m]: CREATE_USER  Error executing procedure CreateUser: (intermediate value) is not iterable
2024-09-21 11:10:04 [[33mwarn[39m]: CREATE_USER 
2024-09-21 11:10:04 [[33mwarn[39m]: CREATE_USER  Error executing procedure CreateUser: (intermediate value) is not iterable
2024-09-21 11:10:34 [[32minfo[39m]: Server is running on port 3000
2024-09-21 11:10:37 [[33mwarn[39m]: GET_ALL_USERS 
2024-09-21 11:10:37 [[32minfo[39m]: Results:
2024-09-21 11:10:37 [[31merror[39m]: GET_ALL_USERS  Error executing procedure GetAllUsers: fields is not defined
2024-09-21 11:10:44 [[33mwarn[39m]: GET_ALL_USERS 
2024-09-21 11:10:44 [[32minfo[39m]: Results:
2024-09-21 11:10:44 [[31merror[39m]: GET_ALL_USERS  Error executing procedure GetAllUsers: fields is not defined
2024-09-21 11:10:44 [[33mwarn[39m]: GET_ALL_USERS 
2024-09-21 11:10:44 [[32minfo[39m]: Results:
2024-09-21 11:10:44 [[31merror[39m]: GET_ALL_USERS  Error executing procedure GetAllUsers: fields is not defined
2024-09-21 11:10:44 [[33mwarn[39m]: GET_ALL_USERS 
2024-09-21 11:10:44 [[32minfo[39m]: Results:
2024-09-21 11:10:44 [[31merror[39m]: GET_ALL_USERS  Error executing procedure GetAllUsers: fields is not defined
2024-09-21 11:12:03 [[32minfo[39m]: Server is running on port 3000
2024-09-21 11:12:06 [[33mwarn[39m]: GET_ALL_USERS 
2024-09-21 11:12:06 [[32minfo[39m]: callProcedure results 
2024-09-21 11:17:00 [[33mwarn[39m]: GET_ALL_USERS 
2024-09-21 11:17:00 [[32minfo[39m]: callProcedure results 
2024-09-21 11:17:04 [[33mwarn[39m]: CREATE_USER 
2024-09-21 11:17:04 [[33mwarn[39m]: CREATE_USER  Error executing procedure CreateUser: Duplicate entry 'bhabhdfdfdsfsdf sdfdsf' for key 'users.email'
2024-09-21 11:17:10 [[33mwarn[39m]: CREATE_USER 
2024-09-21 11:17:10 [[32minfo[39m]: callProcedure results 
2024-09-21 11:17:40 [[32minfo[39m]: Server is running on port 3000
2024-09-21 11:17:47 [[33mwarn[39m]: CREATE_USER 
2024-09-21 11:17:47 [[32minfo[39m]: callProcedure results 
2024-09-21 11:19:50 [[32minfo[39m]: Server is running on port 3000
2024-09-21 11:19:56 [[33mwarn[39m]: CREATE_USER 
2024-09-21 11:19:56 [[32minfo[39m]: callProcedure results metadata 
2024-09-21 11:21:48 [[32minfo[39m]: Server is running on port 3000
2024-09-21 11:21:52 [[33mwarn[39m]: CREATE_USER 
2024-09-21 11:21:52 [[32minfo[39m]: callProcedure results metadata 
2024-09-21 11:21:52 [[32minfo[39m]: callProcedure results metadata
2024-09-21 11:24:23 [[32minfo[39m]: Server is running on port 3000
2024-09-21 11:24:27 [[33mwarn[39m]: CREATE_USER 
2024-09-21 11:24:27 [[32minfo[39m]: callProcedure results 
2024-09-21 11:25:03 [[32minfo[39m]: Server is running on port 3000
2024-09-21 11:25:07 [[32minfo[39m]: callProcedure results 
2024-09-21 11:25:07 [[33mwarn[39m]: CREATE_USER 
2024-09-21 11:26:04 [[32minfo[39m]: Server is running on port 3000
2024-09-21 11:26:08 [[32minfo[39m]: callProcedure results 
2024-09-21 11:26:08 [[32minfo[39m]: CREATE_USER  1, ![object Object]
2024-09-21 11:26:58 [[32minfo[39m]: Server is running on port 3000
2024-09-21 11:27:03 [[32minfo[39m]: callProcedure results 
2024-09-21 11:27:03 [[32minfo[39m]: CREATE_USER rows length: 1, first row: {"insertId":25}
2024-09-21 11:27:03 [[32minfo[39m]: Full rows data:
2024-09-21 11:40:52 [[32minfo[39m]: Server is running on port 3000
2024-09-21 11:40:57 [[33mwarn[39m]: CREATE_USER  Error executing procedure CreateUser: Duplicate entry 'sdfdsfasdfadsdsdffsdfdfdd' for key 'users.email'
2024-09-21 11:41:01 [[32minfo[39m]: callProcedure results 
2024-09-21 11:41:01 [[33mwarn[39m]: CREATE_USER  Cannot read properties of undefined (reading 'jsonencode')
2024-09-21 11:45:57 [[32minfo[39m]: Server is running on port 3000
2024-09-21 11:46:01 [[32minfo[39m]: callProcedure results 
2024-09-21 11:46:01 [[33mwarn[39m]: CREATE_USER  Cannot read properties of undefined (reading 'jsonencode')
2024-09-21 11:46:11 [[32minfo[39m]: Server is running on port 3000
2024-09-21 11:46:13 [[32minfo[39m]: callProcedure results 
2024-09-21 11:52:15 [[32minfo[39m]: Server is running on port 3000
2024-09-21 11:52:20 [[32minfo[39m]: callProcedure results 
2024-09-21 11:52:20 [[33mwarn[39m]: CREATE_USER  rows.isNotEmpty is not a function
2024-09-21 11:53:25 [[32minfo[39m]: Server is running on port 3000
2024-09-21 11:53:30 [[32minfo[39m]: callProcedure results 
2024-09-21 11:53:30 [[33mwarn[39m]: CREATE_USER  safeRows.isNotEmpty is not a function
2024-09-21 11:56:33 [[32minfo[39m]: Server is running on port 3000
2024-09-21 11:57:50 [[32minfo[39m]: Server is running on port 3000
2024-09-21 11:58:07 [[32minfo[39m]: callProcedure results 
2024-09-21 12:00:42 [[33mwarn[39m]: CREATE_USER  safeRows.isNotEmpty is not a function
2024-09-21 12:01:01 [[33mwarn[39m]: CREATE_USER  Error executing procedure CreateUser: Duplicate entry 'sdsd' for key 'users.email'
2024-09-21 12:01:47 [[32minfo[39m]: Server is running on port 3000
2024-09-21 12:02:08 [[32minfo[39m]: callProcedure results 
2024-09-21 12:08:47 [[32minfo[39m]: Server is running on port 3000
2024-09-21 12:08:57 [[32minfo[39m]: callProcedure results 
2024-09-21 12:28:37 [[32minfo[39m]: Server is running on port 3000
2024-09-21 12:28:45 [[32minfo[39m]: callProcedure results 
2024-09-21 12:29:17 [[32minfo[39m]: Server is running on port 3000
2024-09-21 12:29:23 [[32minfo[39m]: callProcedure results 
2024-09-21 12:29:54 [[32minfo[39m]: Server is running on port 3000
2024-09-22 10:47:07 [[32minfo[39m]: Server is running on port 3000
2024-09-22 10:47:54 [[32minfo[39m]: Server is running on port 3000
2024-09-22 10:50:41 [[32minfo[39m]: Server is running on port 3000
2024-09-22 11:04:50 [[32minfo[39m]: Server is running on port 3000
2024-09-22 11:06:28 [[32minfo[39m]: Server is running on port 3000
2024-09-22 11:06:45 [[32minfo[39m]: Server is running on port 3000
2024-09-22 11:10:02 [[32minfo[39m]: Server is running on port 3000
2024-09-22 11:11:09 [[32minfo[39m]: Server is running on port 3000
2024-09-22 11:13:44 [[32minfo[39m]: Server is running on port 3000
2024-09-22 11:14:32 [[32minfo[39m]: Server is running on port 3000
2024-09-22 11:16:57 [[32minfo[39m]: Server is running on port 3000
2024-09-22 11:22:28 [[32minfo[39m]: Server is running on port 3000
2024-09-22 11:24:27 [[32minfo[39m]: Server is running on port 3000
2024-09-22 11:25:00 [[32minfo[39m]: Server is running on port 3000
2024-09-22 11:35:56 [[32minfo[39m]: Server is running on port 3000
2024-09-22 11:47:09 [[32minfo[39m]: Server is running on port 3000
2024-09-22 11:49:20 [[32minfo[39m]: Server is running on port 3000
2024-09-22 11:52:16 [[32minfo[39m]: Server is running on port 3000
2024-09-22 15:54:44 [[32minfo[39m]: Server is running on port 3000
